#
# There is insufficient memory for the Java Runtime Environment to continue.
# Native memory allocation (malloc) failed to allocate 208576 bytes for Chunk::new
# Possible reasons:
#   The system is out of physical RAM or swap space
#   In 32 bit mode, the process size limit was hit
# Possible solutions:
#   Reduce memory load on the system
#   Increase physical memory or swap space
#   Check if swap backing store is full
#   Use 64 bit Java on a 64 bit OS
#   Decrease Java heap size (-Xmx/-Xms)
#   Decrease number of Java threads
#   Decrease Java thread stack sizes (-Xss)
#   Set larger code cache with -XX:ReservedCodeCacheSize=
# This output file may be truncated or incomplete.
#
#  Out of Memory Error (allocation.cpp:390), pid=21224, tid=0x0000000000003134
#
# JRE version: Java(TM) SE Runtime Environment (8.0_101-b13) (build 1.8.0_101-b13)
# Java VM: Java HotSpot(TM) 64-Bit Server VM (25.101-b13 mixed mode windows-amd64 compressed oops)
# Failed to write core dump. Minidumps are not enabled by default on client versions of Windows
#

---------------  T H R E A D  ---------------

Current thread (0x0000000015d50000):  JavaThread "C2 CompilerThread0" daemon [_thread_in_native, id=12596, stack(0x0000000016b30000,0x0000000016c30000)]

Stack: [0x0000000016b30000,0x0000000016c30000]
[error occurred during error reporting (printing stack bounds), id 0xc0000005]

Native frames: (J=compiled Java code, j=interpreted, Vv=VM code, C=native code)


Current CompileTask:
C2:2870266 3470       4       org.apache.http.conn.EofSensorInputStream::read (9 bytes)


---------------  P R O C E S S  ---------------

Java Threads: ( => current thread )
  0x0000000017cd5000 JavaThread "Exec Stream Pumper" daemon [_thread_in_native, id=19552, stack(0x000000001ab90000,0x000000001ac90000)]
  0x0000000017cd4000 JavaThread "Exec Stream Pumper" daemon [_thread_in_native, id=9116, stack(0x000000001aa10000,0x000000001ab10000)]
  0x0000000017cd3800 JavaThread "Exec Default Executor" daemon [_thread_in_native, id=15532, stack(0x000000001a910000,0x000000001aa10000)]
  0x00000000179a3000 JavaThread "ReaderThread" [_thread_in_native, id=24784, stack(0x0000000018460000,0x0000000018560000)]
  0x0000000015dac800 JavaThread "Service Thread" daemon [_thread_blocked, id=26680, stack(0x0000000017730000,0x0000000017830000)]
  0x0000000015d52000 JavaThread "C1 CompilerThread1" daemon [_thread_blocked, id=23432, stack(0x00000000170a0000,0x00000000171a0000)]
=>0x0000000015d50000 JavaThread "C2 CompilerThread0" daemon [_thread_in_native, id=12596, stack(0x0000000016b30000,0x0000000016c30000)]
  0x0000000015d49800 JavaThread "Attach Listener" daemon [_thread_blocked, id=22008, stack(0x0000000016ea0000,0x0000000016fa0000)]
  0x0000000015d48800 JavaThread "Signal Dispatcher" daemon [_thread_blocked, id=17116, stack(0x0000000016cb0000,0x0000000016db0000)]
  0x0000000015d2f000 JavaThread "Finalizer" daemon [_thread_blocked, id=10276, stack(0x0000000016970000,0x0000000016a70000)]
  0x0000000015ce6000 JavaThread "Reference Handler" daemon [_thread_blocked, id=6728, stack(0x0000000016810000,0x0000000016910000)]
  0x000000000212f000 JavaThread "main" [_thread_blocked, id=17468, stack(0x00000000022d0000,0x00000000023d0000)]

Other Threads:
  0x0000000015cde000 VMThread [stack: 0x00000000166b0000,0x00000000167b0000] [id=24256]
  0x00000000171d0000 WatcherThread [stack: 0x0000000017840000,0x0000000017940000] [id=27436]

VM state:not at safepoint (normal execution)

VM Mutex/Monitor currently owned by a thread: None

Heap:
 PSYoungGen      total 29184K, used 19568K [0x00000000e0000000, 0x00000000e2400000, 0x0000000100000000)
  eden space 21504K, 90% used [0x00000000e0000000,0x00000000e12f4200,0x00000000e1500000)
  from space 7680K, 2% used [0x00000000e1500000,0x00000000e1528000,0x00000000e1c80000)
  to   space 7680K, 0% used [0x00000000e1c80000,0x00000000e1c80000,0x00000000e2400000)
 ParOldGen       total 65536K, used 10380K [0x00000000a0000000, 0x00000000a4000000, 0x00000000e0000000)
  object space 65536K, 15% used [0x00000000a0000000,0x00000000a0a23220,0x00000000a4000000)
 Metaspace       used 19378K, capacity 19888K, committed 20096K, reserved 1067008K
  class space    used 2291K, capacity 2425K, committed 2432K, reserved 1048576K

Card table byte_map: [0x0000000011790000,0x0000000011aa0000] byte_map_base: 0x0000000011290000

Marking Bits: (ParMarkBitMap*) 0x000000005b0da6d0
 Begin Bits: [0x00000000120b0000, 0x00000000138b0000)
 End Bits:   [0x00000000138b0000, 0x00000000150b0000)

Polling page: 0x0000000001ec0000

CodeCache: size=245760Kb used=10399Kb max_used=10861Kb free=235361Kb
 bounds [0x00000000023d0000, 0x0000000002ea0000, 0x00000000113d0000]
 total_blobs=3396 nmethods=2960 adapters=348
 compilation: enabled

Compilation events (10 events):
Event: 2813.025 Thread 0x0000000015d50000 nmethod 3465 0x0000000002924010 code [0x0000000002924180, 0x00000000029246b8]
Event: 2813.025 Thread 0x0000000015d50000 3466       4       org.apache.http.message.BasicHeaderIterator::findNext (54 bytes)
Event: 2813.026 Thread 0x0000000015d50000 nmethod 3466 0x0000000002d63950 code [0x0000000002d63a80, 0x0000000002d63b58]
Event: 2813.520 Thread 0x0000000015d50000 3467       4       org.apache.http.HttpHost::equals (97 bytes)
Event: 2813.521 Thread 0x0000000015d50000 nmethod 3467 0x000000000291d250 code [0x000000000291d380, 0x000000000291d3f8]
Event: 2814.893 Thread 0x0000000015d50000 3468   !   4       org.openqa.selenium.remote.http.HttpMessage::getContent (151 bytes)
Event: 2814.939 Thread 0x0000000015d50000 nmethod 3468 0x0000000002990150 code [0x0000000002990300, 0x0000000002991438]
Event: 2838.213 Thread 0x0000000015d50000 3469       4       org.openqa.selenium.remote.http.HttpMessage::<init> (46 bytes)
Event: 2838.220 Thread 0x0000000015d50000 nmethod 3469 0x000000000292c250 code [0x000000000292c3c0, 0x000000000292c758]
Event: 2870.253 Thread 0x0000000015d50000 3470       4       org.apache.http.conn.EofSensorInputStream::read (9 bytes)

GC Heap History (10 events):
Event: 1843.828 GC heap before
{Heap before GC invocations=13 (full 0):
 PSYoungGen      total 30208K, used 21664K [0x00000000e0000000, 0x00000000e2600000, 0x0000000100000000)
  eden space 21504K, 100% used [0x00000000e0000000,0x00000000e1500000,0x00000000e1500000)
  from space 8704K, 1% used [0x00000000e1d80000,0x00000000e1da8000,0x00000000e2600000)
  to   space 8704K, 0% used [0x00000000e1500000,0x00000000e1500000,0x00000000e1d80000)
 ParOldGen       total 65536K, used 10300K [0x00000000a0000000, 0x00000000a4000000, 0x00000000e0000000)
  object space 65536K, 15% used [0x00000000a0000000,0x00000000a0a0f220,0x00000000a4000000)
 Metaspace       used 19375K, capacity 19824K, committed 19840K, reserved 1067008K
  class space    used 2291K, capacity 2425K, committed 2432K, reserved 1048576K
Event: 1843.832 GC heap after
Heap after GC invocations=13 (full 0):
 PSYoungGen      total 22016K, used 192K [0x00000000e0000000, 0x00000000e2500000, 0x0000000100000000)
  eden space 21504K, 0% used [0x00000000e0000000,0x00000000e0000000,0x00000000e1500000)
  from space 512K, 37% used [0x00000000e1500000,0x00000000e1530000,0x00000000e1580000)
  to   space 8192K, 0% used [0x00000000e1d00000,0x00000000e1d00000,0x00000000e2500000)
 ParOldGen       total 65536K, used 10316K [0x00000000a0000000, 0x00000000a4000000, 0x00000000e0000000)
  object space 65536K, 15% used [0x00000000a0000000,0x00000000a0a13220,0x00000000a4000000)
 Metaspace       used 19375K, capacity 19824K, committed 19840K, reserved 1067008K
  class space    used 2291K, capacity 2425K, committed 2432K, reserved 1048576K
}
Event: 2030.541 GC heap before
{Heap before GC invocations=14 (full 0):
 PSYoungGen      total 22016K, used 21696K [0x00000000e0000000, 0x00000000e2500000, 0x0000000100000000)
  eden space 21504K, 100% used [0x00000000e0000000,0x00000000e1500000,0x00000000e1500000)
  from space 512K, 37% used [0x00000000e1500000,0x00000000e1530000,0x00000000e1580000)
  to   space 8192K, 0% used [0x00000000e1d00000,0x00000000e1d00000,0x00000000e2500000)
 ParOldGen       total 65536K, used 10316K [0x00000000a0000000, 0x00000000a4000000, 0x00000000e0000000)
  object space 65536K, 15% used [0x00000000a0000000,0x00000000a0a13220,0x00000000a4000000)
 Metaspace       used 19375K, capacity 19824K, committed 19840K, reserved 1067008K
  class space    used 2291K, capacity 2425K, committed 2432K, reserved 1048576K
Event: 2030.556 GC heap after
Heap after GC invocations=14 (full 0):
 PSYoungGen      total 29696K, used 160K [0x00000000e0000000, 0x00000000e2500000, 0x0000000100000000)
  eden space 21504K, 0% used [0x00000000e0000000,0x00000000e0000000,0x00000000e1500000)
  from space 8192K, 1% used [0x00000000e1d00000,0x00000000e1d28000,0x00000000e2500000)
  to   space 8192K, 0% used [0x00000000e1500000,0x00000000e1500000,0x00000000e1d00000)
 ParOldGen       total 65536K, used 10332K [0x00000000a0000000, 0x00000000a4000000, 0x00000000e0000000)
  object space 65536K, 15% used [0x00000000a0000000,0x00000000a0a17220,0x00000000a4000000)
 Metaspace       used 19375K, capacity 19824K, committed 19840K, reserved 1067008K
  class space    used 2291K, capacity 2425K, committed 2432K, reserved 1048576K
}
Event: 2214.685 GC heap before
{Heap before GC invocations=15 (full 0):
 PSYoungGen      total 29696K, used 21664K [0x00000000e0000000, 0x00000000e2500000, 0x0000000100000000)
  eden space 21504K, 100% used [0x00000000e0000000,0x00000000e1500000,0x00000000e1500000)
  from space 8192K, 1% used [0x00000000e1d00000,0x00000000e1d28000,0x00000000e2500000)
  to   space 8192K, 0% used [0x00000000e1500000,0x00000000e1500000,0x00000000e1d00000)
 ParOldGen       total 65536K, used 10332K [0x00000000a0000000, 0x00000000a4000000, 0x00000000e0000000)
  object space 65536K, 15% used [0x00000000a0000000,0x00000000a0a17220,0x00000000a4000000)
 Metaspace       used 19375K, capacity 19824K, committed 19840K, reserved 1067008K
  class space    used 2291K, capacity 2425K, committed 2432K, reserved 1048576K
Event: 2214.700 GC heap after
Heap after GC invocations=15 (full 0):
 PSYoungGen      total 29696K, used 192K [0x00000000e0000000, 0x00000000e2500000, 0x0000000100000000)
  eden space 21504K, 0% used [0x00000000e0000000,0x00000000e0000000,0x00000000e1500000)
  from space 8192K, 2% used [0x00000000e1500000,0x00000000e1530000,0x00000000e1d00000)
  to   space 8192K, 0% used [0x00000000e1d00000,0x00000000e1d00000,0x00000000e2500000)
 ParOldGen       total 65536K, used 10348K [0x00000000a0000000, 0x00000000a4000000, 0x00000000e0000000)
  object space 65536K, 15% used [0x00000000a0000000,0x00000000a0a1b220,0x00000000a4000000)
 Metaspace       used 19375K, capacity 19824K, committed 19840K, reserved 1067008K
  class space    used 2291K, capacity 2425K, committed 2432K, reserved 1048576K
}
Event: 2407.889 GC heap before
{Heap before GC invocations=16 (full 0):
 PSYoungGen      total 29696K, used 21696K [0x00000000e0000000, 0x00000000e2500000, 0x0000000100000000)
  eden space 21504K, 100% used [0x00000000e0000000,0x00000000e1500000,0x00000000e1500000)
  from space 8192K, 2% used [0x00000000e1500000,0x00000000e1530000,0x00000000e1d00000)
  to   space 8192K, 0% used [0x00000000e1d00000,0x00000000e1d00000,0x00000000e2500000)
 ParOldGen       total 65536K, used 10348K [0x00000000a0000000, 0x00000000a4000000, 0x00000000e0000000)
  object space 65536K, 15% used [0x00000000a0000000,0x00000000a0a1b220,0x00000000a4000000)
 Metaspace       used 19375K, capacity 19824K, committed 19840K, reserved 1067008K
  class space    used 2291K, capacity 2425K, committed 2432K, reserved 1048576K
Event: 2407.901 GC heap after
Heap after GC invocations=16 (full 0):
 PSYoungGen      total 28672K, used 192K [0x00000000e0000000, 0x00000000e2400000, 0x0000000100000000)
  eden space 21504K, 0% used [0x00000000e0000000,0x00000000e0000000,0x00000000e1500000)
  from space 7168K, 2% used [0x00000000e1d00000,0x00000000e1d30000,0x00000000e2400000)
  to   space 7680K, 0% used [0x00000000e1500000,0x00000000e1500000,0x00000000e1c80000)
 ParOldGen       total 65536K, used 10372K [0x00000000a0000000, 0x00000000a4000000, 0x00000000e0000000)
  object space 65536K, 15% used [0x00000000a0000000,0x00000000a0a21220,0x00000000a4000000)
 Metaspace       used 19375K, capacity 19824K, committed 19840K, reserved 1067008K
  class space    used 2291K, capacity 2425K, committed 2432K, reserved 1048576K
}
Event: 2616.167 GC heap before
{Heap before GC invocations=17 (full 0):
 PSYoungGen      total 28672K, used 21696K [0x00000000e0000000, 0x00000000e2400000, 0x0000000100000000)
  eden space 21504K, 100% used [0x00000000e0000000,0x00000000e1500000,0x00000000e1500000)
  from space 7168K, 2% used [0x00000000e1d00000,0x00000000e1d30000,0x00000000e2400000)
  to   space 7680K, 0% used [0x00000000e1500000,0x00000000e1500000,0x00000000e1c80000)
 ParOldGen       total 65536K, used 10372K [0x00000000a0000000, 0x00000000a4000000, 0x00000000e0000000)
  object space 65536K, 15% used [0x00000000a0000000,0x00000000a0a21220,0x00000000a4000000)
 Metaspace       used 19377K, capacity 19888K, committed 20096K, reserved 1067008K
  class space    used 2291K, capacity 2425K, committed 2432K, reserved 1048576K
Event: 2616.172 GC heap after
Heap after GC invocations=17 (full 0):
 PSYoungGen      total 29184K, used 160K [0x00000000e0000000, 0x00000000e2400000, 0x0000000100000000)
  eden space 21504K, 0% used [0x00000000e0000000,0x00000000e0000000,0x00000000e1500000)
  from space 7680K, 2% used [0x00000000e1500000,0x00000000e1528000,0x00000000e1c80000)
  to   space 7680K, 0% used [0x00000000e1c80000,0x00000000e1c80000,0x00000000e2400000)
 ParOldGen       total 65536K, used 10380K [0x00000000a0000000, 0x00000000a4000000, 0x00000000e0000000)
  object space 65536K, 15% used [0x00000000a0000000,0x00000000a0a23220,0x00000000a4000000)
 Metaspace       used 19377K, capacity 19888K, committed 20096K, reserved 1067008K
  class space    used 2291K, capacity 2425K, committed 2432K, reserved 1048576K
}

Deoptimization events (10 events):
Event: 94.005 Thread 0x000000000212f000 Uncommon trap: reason=class_check action=maybe_recompile pc=0x000000000295b0b0 method=com.google.gson.stream.JsonWriter.string(Ljava/lang/String;)V @ 23
Event: 94.005 Thread 0x000000000212f000 Uncommon trap: reason=class_check action=maybe_recompile pc=0x000000000295b0b0 method=com.google.gson.stream.JsonWriter.string(Ljava/lang/String;)V @ 23
Event: 96.274 Thread 0x000000000212f000 Uncommon trap: reason=class_check action=maybe_recompile pc=0x0000000002ac6974 method=com.google.gson.Gson.getAdapter(Lcom/google/gson/reflect/TypeToken;)Lcom/google/gson/TypeAdapter; @ 20
Event: 96.275 Thread 0x000000000212f000 Uncommon trap: reason=class_check action=maybe_recompile pc=0x0000000002af362c method=java.lang.AbstractStringBuilder.append(Ljava/lang/CharSequence;)Ljava/lang/AbstractStringBuilder; @ 10
Event: 96.275 Thread 0x000000000212f000 Uncommon trap: reason=class_check action=maybe_recompile pc=0x0000000002af362c method=java.lang.AbstractStringBuilder.append(Ljava/lang/CharSequence;)Ljava/lang/AbstractStringBuilder; @ 10
Event: 96.275 Thread 0x000000000212f000 Uncommon trap: reason=class_check action=maybe_recompile pc=0x0000000002af362c method=java.lang.AbstractStringBuilder.append(Ljava/lang/CharSequence;)Ljava/lang/AbstractStringBuilder; @ 10
Event: 96.275 Thread 0x000000000212f000 Uncommon trap: reason=class_check action=maybe_recompile pc=0x0000000002af362c method=java.lang.AbstractStringBuilder.append(Ljava/lang/CharSequence;)Ljava/lang/AbstractStringBuilder; @ 10
Event: 104.282 Thread 0x000000000212f000 Uncommon trap: reason=unstable_if action=reinterpret pc=0x00000000025d0bdc method=sun.nio.cs.UTF_8$Encoder.encode([CII[B)I @ 33
Event: 115.411 Thread 0x000000000212f000 Uncommon trap: reason=unstable_if action=reinterpret pc=0x0000000002a4bdcc method=com.google.gson.stream.JsonReader.nextQuotedValue(C)Ljava/lang/String; @ 33
Event: 127.162 Thread 0x000000000212f000 Uncommon trap: reason=unstable_if action=reinterpret pc=0x000000000278631c method=com.google.gson.stream.JsonWriter.string(Ljava/lang/String;)V @ 57

Internal exceptions (10 events):
Event: 2.230 Thread 0x000000000212f000 Exception <a 'java/lang/ArrayIndexOutOfBoundsException'> (0x00000000e0f5c1b0) thrown at [C:\re\workspace\8-2-build-windows-amd64-cygwin\jdk8u101\7261\hotspot\src\share\vm\runtime\sharedRuntime.cpp, line 605]
Event: 2.252 Thread 0x000000000212f000 Exception <a 'java/lang/IncompatibleClassChangeError': Found class java.lang.Object, but interface was expected> (0x00000000e0fced60) thrown at [C:\re\workspace\8-2-build-windows-amd64-cygwin\jdk8u101\7261\hotspot\src\share\vm\interpreter\linkResolver.cpp,-pÃ94b4@
Event: 20.384 Thread 0x000000000212f000 Exception <a 'java/lang/ArrayIndexOutOfBoundsException': 65> (0x00000000e0599a68) thrown at [C:\re\workspace\8-2-build-windows-amd64-cygwin\jdk8u101\7261\hotspot\src\share\vm\interpreter\interpreterRuntime.cpp, line 366]
Event: 91.987 Thread 0x0000000019dba000 Exception <a 'java/net/SocketException': Connection reset by peer: socket write error> (0x00000000e0911578) thrown at [C:\re\workspace\8-2-build-windows-amd64-cygwin\jdk8u101\7261\hotspot\src\share\vm\prims\jni.cpp, line 735]
Event: 91.987 Thread 0x0000000019dba000 Exception <a 'java/net/SocketException': Connection reset by peer: socket write error> (0x00000000e0911880) thrown at [C:\re\workspace\8-2-build-windows-amd64-cygwin\jdk8u101\7261\hotspot\src\share\vm\prims\jni.cpp, line 735]
Event: 91.987 Thread 0x0000000019dba000 Exception <a 'java/net/SocketException': Connection reset by peer: socket write error> (0x00000000e0911b08) thrown at [C:\re\workspace\8-2-build-windows-amd64-cygwin\jdk8u101\7261\hotspot\src\share\vm\prims\jni.cpp, line 735]
Event: 92.497 Thread 0x0000000019dba000 Exception <a 'java/net/SocketTimeoutException': connect timed out> (0x00000000e0912448) thrown at [C:\re\workspace\8-2-build-windows-amd64-cygwin\jdk8u101\7261\hotspot\src\share\vm\prims\jni.cpp, line 735]
Event: 92.641 Thread 0x000000000212f000 Exception <a 'java/lang/UnsatisfiedLinkError': The specified procedure could not be found.
> (0x00000000e0cdab18) thrown at [C:\re\workspace\8-2-build-windows-amd64-cygwin\jdk8u101\7261\hotspot\src\share\vm\prims\jni.cpp, line 735]
Event: 93.984 Thread 0x0000000019dba000 Exception <a 'java/net/SocketTimeoutException': connect timed out> (0x00000000e0913cd0) thrown at [C:\re\workspace\8-2-build-windows-amd64-cygwin\jdk8u101\7261\hotspot\src\share\vm\prims\jni.cpp, line 735]
Event: 104.258 Thread 0x000000000212f000 Exception <a 'java/lang/NoSuchMethodError': java.lang.Object.lambda$codePoints$1()Ljava/util/Spliterator$OfInt;> (0x00000000e116d970) thrown at [C:\re\workspace\8-2-build-windows-amd64-cygwin\jdk8u101\7261\hotspot\src\share\vm\interpreter\linkResolver.cpp,ð6ÊU‡×@

Events (10 events):
Event: 2811.717 Thread 0x0000000015d50000 flushing nmethod 0x00000000029c5710
Event: 2811.717 Thread 0x0000000015d50000 flushing nmethod 0x00000000029c65d0
Event: 2811.717 Thread 0x0000000015d50000 flushing nmethod 0x00000000029cef50
Event: 2811.720 Thread 0x0000000015d50000 flushing nmethod 0x0000000002a01ad0
Event: 2811.720 Thread 0x0000000015d50000 flushing nmethod 0x0000000002a57790
Event: 2811.720 Thread 0x0000000015d50000 flushing nmethod 0x0000000002a5af90
Event: 2811.777 Thread 0x0000000015d50000 flushing nmethod 0x0000000002acf050
Event: 2812.226 Thread 0x0000000015d50000 flushing nmethod 0x0000000002b50610
Event: 2812.230 Thread 0x0000000015d50000 flushing nmethod 0x0000000002c19d90
Event: 2812.237 Thread 0x0000000015d50000 flushing nmethod 0x0000000002d63950


Dynamic libraries:
0x000000013f140000 - 0x000000013f177000 	C:\Program Files\Java\jdk1.8.0_101\bin\javaw.exe
0x0000000077600000 - 0x00000000777aa000 	C:\windows\SYSTEM32\ntdll.dll
0x00000000774e0000 - 0x00000000775ff000 	C:\windows\system32\kernel32.dll
0x000007fefd380000 - 0x000007fefd3ea000 	C:\windows\system32\KERNELBASE.dll
0x000007feff790000 - 0x000007feff86b000 	C:\windows\system32\ADVAPI32.dll
0x000007feff870000 - 0x000007feff90f000 	C:\windows\system32\msvcrt.dll
0x000007fefeb80000 - 0x000007fefeb9f000 	C:\windows\SYSTEM32\sechost.dll
0x000007feff2b0000 - 0x000007feff3dd000 	C:\windows\system32\RPCRT4.dll
0x00000000773e0000 - 0x00000000774da000 	C:\windows\system32\USER32.dll
0x000007feff720000 - 0x000007feff787000 	C:\windows\system32\GDI32.dll
0x000007fefee70000 - 0x000007fefee7e000 	C:\windows\system32\LPK.dll
0x000007fefd730000 - 0x000007fefd7fb000 	C:\windows\system32\USP10.dll
0x000007fefb500000 - 0x000007fefb6f4000 	C:\windows\WinSxS\amd64_microsoft.windows.common-controls_6595b64144ccf1df_6.0.7601.18837_none_fa3b1e3d17594757\COMCTL32.dll
0x000007fefd6b0000 - 0x000007fefd721000 	C:\windows\system32\SHLWAPI.dll
0x000007feff4e0000 - 0x000007feff50e000 	C:\windows\system32\IMM32.DLL
0x000007fefe990000 - 0x000007fefea99000 	C:\windows\system32\MSCTF.dll
0x000007fefd200000 - 0x000007fefd25d000 	C:\PROGRA~1\Citrix\System32\MFAPHOOK64.DLL
0x000007fefd120000 - 0x000007fefd152000 	C:\Program Files\Citrix\ICAService\picaFullScreenHookX64.dll
0x000007fefca30000 - 0x000007fefca66000 	C:\Program Files\Citrix\ICAService\ShellHook64.dll
0x000007fefda00000 - 0x000007fefdbfc000 	C:\windows\system32\ole32.dll
0x000007fefdc00000 - 0x000007fefe98b000 	C:\windows\system32\SHELL32.dll
0x000007fefcfa0000 - 0x000007fefd11a000 	C:\Program Files\Citrix\ICAService\SCardHook64.dll
0x000007fefcf70000 - 0x000007fefcf9a000 	C:\Program Files\Citrix\ICAService\cxinjime64.dll
0x000007fefcf20000 - 0x000007fefcf6c000 	C:\Program Files\Citrix\ICAService\PicaWtsHook64.dll
0x000000006d380000 - 0x000000006d452000 	C:\Program Files\Java\jdk1.8.0_101\jre\bin\msvcr100.dll
0x000000005a8c0000 - 0x000000005b15a000 	C:\Program Files\Java\jdk1.8.0_101\jre\bin\server\jvm.dll
0x000007feec600000 - 0x000007feec609000 	C:\windows\system32\WSOCK32.dll
0x000007feff1b0000 - 0x000007feff1fd000 	C:\windows\system32\WS2_32.dll
0x000007feff200000 - 0x000007feff208000 	C:\windows\system32\NSI.dll
0x000007fef0010000 - 0x000007fef004b000 	C:\windows\system32\WINMM.dll
0x000007fefcdb0000 - 0x000007fefcdbc000 	C:\windows\system32\VERSION.dll
0x00000000777d0000 - 0x00000000777d7000 	C:\windows\system32\PSAPI.DLL
0x000000006dc90000 - 0x000000006dc9f000 	C:\Program Files\Java\jdk1.8.0_101\jre\bin\verify.dll
0x000000006dc60000 - 0x000000006dc89000 	C:\Program Files\Java\jdk1.8.0_101\jre\bin\java.dll
0x000000006dc20000 - 0x000000006dc36000 	C:\Program Files\Java\jdk1.8.0_101\jre\bin\zip.dll
0x000007fefd300000 - 0x000007fefd30f000 	C:\windows\system32\profapi.dll
0x000000006dc40000 - 0x000000006dc5a000 	C:\Program Files\Java\jdk1.8.0_101\jre\bin\net.dll
0x000007fefc080000 - 0x000007fefc0d5000 	C:\windows\system32\mswsock.dll
0x000007fefc070000 - 0x000007fefc077000 	C:\windows\System32\wship6.dll
0x000007fefba90000 - 0x000007fefba97000 	C:\windows\System32\wshtcpip.dll
0x000007fefbf00000 - 0x000007fefbf5b000 	C:\windows\system32\DNSAPI.dll
0x000007fefb270000 - 0x000007fefb297000 	C:\windows\system32\IPHLPAPI.DLL
0x000007fefb260000 - 0x000007fefb26b000 	C:\windows\system32\WINNSI.DLL
0x000007fef8690000 - 0x000007fef8698000 	C:\windows\system32\rasadhlp.dll
0x000007fef8ad0000 - 0x000007fef8b23000 	C:\windows\System32\fwpuclnt.dll
0x000007fefc0e0000 - 0x000007fefc0f8000 	C:\windows\system32\CRYPTSP.dll
0x000007fefbde0000 - 0x000007fefbe27000 	C:\windows\system32\rsaenh.dll
0x000007fefd680000 - 0x000007fefd69e000 	C:\windows\system32\USERENV.dll
0x000007fefc750000 - 0x000007fefc75f000 	C:\windows\system32\CRYPTBASE.dll
0x000007fef8b50000 - 0x000007fef8b61000 	C:\windows\system32\dhcpcsvc6.DLL
0x000007fef8b30000 - 0x000007fef8b48000 	C:\windows\system32\dhcpcsvc.DLL
0x000000006dbc0000 - 0x000000006dbd1000 	C:\Program Files\Java\jdk1.8.0_101\jre\bin\nio.dll
0x000000006db90000 - 0x000000006dbb4000 	C:\Program Files\Java\jdk1.8.0_101\jre\bin\sunec.dll
0x000007fefc6f0000 - 0x000007fefc747000 	C:\windows\system32\apphelp.dll
0x000007fef9660000 - 0x000007fef9675000 	C:\windows\system32\NLAapi.dll
0x000007fef8640000 - 0x000007fef8655000 	C:\windows\system32\napinsp.dll
0x000007fef8660000 - 0x000007fef8679000 	C:\windows\system32\pnrpnsp.dll
0x000007fef8630000 - 0x000007fef863b000 	C:\windows\System32\winrnr.dll
0x0000000180000000 - 0x0000000180038000 	C:\Users\SC049886\AppData\Local\Temp\jna--618449743\jna4636078783322768417.dll

VM Arguments:
jvm_args: -ea -Dfile.encoding=Cp1252 
java_command: org.testng.remote.RemoteTestNG -serport 52786 -protocol json -d C:\Users\SC049886\FrameWork\automation\test-output C:\Users\SC049886\AppData\Local\Temp\testng-eclipse--1526668847\testng-customsuite.xml
java_class_path (initial): C:\Users\SC049886\.p2\pool\plugins\org.testng.eclipse_6.11.0.201703011520\lib\testng-remote.jar;C:\Users\SC049886\FrameWork\automation\bin;C:\Users\SC049886\.p2\pool\plugins\org.testng.eclipse_6.11.0.201703011520\lib\testng.jar;C:\Users\SC049886\.p2\pool\plugins\org.testng.eclipse_6.11.0.201703011520\lib\jcommander.jar;C:\Users\SC049886\.p2\pool\plugins\org.testng.eclipse_6.11.0.201703011520\lib\bsh-2.0b4.jar;C:\Users\SC049886\.p2\pool\plugins\org.testng.eclipse_6.11.0.201703011520\lib\snakeyaml.jar;C:\BridgeMedical\Jars\ant-1.7.0.jar;C:\BridgeMedical\Jars\ant-launcher-1.7.0.jar;C:\BridgeMedical\Jars\bsh-2.0b4.jar;C:\BridgeMedical\Jars\bson-3.0.4.jar;C:\BridgeMedical\Jars\commons-codec-1.10.jar;C:\BridgeMedical\Jars\commons-logging-1.2.jar;C:\BridgeMedical\Jars\curvesapi-1.03.jar;C:\BridgeMedical\Jars\extentreports-java-2.41.1.jar;C:\BridgeMedical\Jars\fontbox-2.0.3.jar;C:\BridgeMedical\Jars\freemarker-2.3.23.jar;C:\BridgeMedical\Jars\hamcrest-core-1.1.jar;C:\BridgeMedical\Jars\jcommander-1.48.jar;C:\BridgeMedical\Jars\jsoup-1.8.3.jar;C:\BridgeMedical\Jars\junit-4.10.jar;C:\BridgeMedical\Jars\junit-4.12.jar;C:\BridgeMedical\Jars\mongodb-driver-3.0.4.jar;C:\BridgeMedical\Jars\mongodb-driver-core-3.0.4.jar;C:\BridgeMedical\Jars\MonteScreenRecorder (1).jar;C:\BridgeMedical\Jars\MultiScreenShot.jar;C:\BridgeMedical\Jars\poi-3.15-beta1.jar;C:\BridgeMedical\Jars\poi-examples-3.15-beta1.jar;C:\BridgeMedical\Jars\poi-excelant-3.15-beta1.jar;C:\BridgeMedical\Jars\poi-ooxml-3.15-beta1.jar;C:\BridgeMedical\Jars\poi-ooxml-schemas-3.15-beta1.jar;C:\BridgeMedical\Jars\poi-scratchpad-3.15-beta1.jar;C:\BridgeMedical\Jars\snakeyaml-1.15.jar;C:\BridgeMedical\Jars\sqlite-jdbc-3.8.11.1.jar;C:\BridgeMedical\Jars\testng-6.9.9.jar;C:\BridgeMedical\Jars\xmlbeans-2.6.0.jar;C:\BridgeMedical\Jars\selenium-server-standalone-3.4.0.jar
Launcher Type: SUN_STANDARD

Environment Variables:
PATH=C:/Program Files/Java/jdk1.8.0_101/bin/../jre/bin/server;C:/Program Files/Java/jdk1.8.0_101/bin/../jre/bin;C:/Program Files/Java/jdk1.8.0_101/bin/../jre/lib/amd64;C:\ProgramData\Oracle\Java\javapath;C:\windows\system32;C:\windows;C:\windows\System32\Wbem;C:\windows\System32\WindowsPowerShell\v1.0\;C:\windows\System32\WindowsPowerShell\v1.0\;C:\Program Files\Citrix\ICAService\;C:\Program Files\Citrix\System32\;C:\Program Files (x86)\Common Files\Citrix\System32;C:\Program Files (x86)\Skype\Phone\;C:\Program Files\Java\jdk1.8.0_101\bin;C:\Program Files\Citrix\Virtual Desktop Agent\;C:\Program Files\Perforce;C:\windows\System32\WindowsPowerShell\v1.0\;\\userprofiles01\XDdata10\SC049886\Downloads;
USERNAME=SC049886
OS=Windows_NT
PROCESSOR_IDENTIFIER=Intel64 Family 6 Model 45 Stepping 2, GenuineIntel



---------------  S Y S T E M  ---------------

OS: Windows 7 , 64 bit Build 7601 (6.1.7601.23807)

CPU:total 2 (2 cores per cpu, 1 threads per core) family 6 model 45 stepping 2, cmov, cx8, fxsr, mmx, sse, sse2, sse3, ssse3, sse4.1, sse4.2, popcnt, avx, aes, clmul, tsc, tscinvbit, tscinv

Memory: 4k page, physical 6290932k(138448k free), swap 8386224k(3468k free)

vm_info: Java HotSpot(TM) 64-Bit Server VM (25.101-b13) for windows-amd64 JRE (1.8.0_101-b13), built on Jun 22 2016 01:21:29 by "java_re" with MS VC++ 10.0 (VS2010)

time: Mon Jul 24 10:59:07 2017
elapsed time: 2870 seconds (0d 0h 47m 50s)

