#
# There is insufficient memory for the Java Runtime Environment to continue.
# Native memory allocation (malloc) failed to allocate 1048576 bytes for AllocateHeap
# Possible reasons:
#   The system is out of physical RAM or swap space
#   In 32 bit mode, the process size limit was hit
# Possible solutions:
#   Reduce memory load on the system
#   Increase physical memory or swap space
#   Check if swap backing store is full
#   Use 64 bit Java on a 64 bit OS
#   Decrease Java heap size (-Xmx/-Xms)
#   Decrease number of Java threads
#   Decrease Java thread stack sizes (-Xss)
#   Set larger code cache with -XX:ReservedCodeCacheSize=
# This output file may be truncated or incomplete.
#
#  Out of Memory Error (memory/allocation.inline.hpp:61), pid=30200, tid=0x0000000000003eb4
#
# JRE version:  (8.0_101-b13) (build )
# Java VM: Java HotSpot(TM) 64-Bit Server VM (25.101-b13 mixed mode windows-amd64 compressed oops)
# Failed to write core dump. Minidumps are not enabled by default on client versions of Windows
#

---------------  T H R E A D  ---------------

Current thread (0x000000000202f000):  JavaThread "Unknown thread" [_thread_in_vm, id=16052, stack(0x00000000023a0000,0x00000000024a0000)]

Stack: [0x00000000023a0000,0x00000000024a0000]
[error occurred during error reporting (printing stack bounds), id 0xc0000005]

Native frames: (J=compiled Java code, j=interpreted, Vv=VM code, C=native code)


---------------  P R O C E S S  ---------------

Java Threads: ( => current thread )

Other Threads:

=>0x000000000202f000 (exited) JavaThread "Unknown thread" [_thread_in_vm, id=16052, stack(0x00000000023a0000,0x00000000024a0000)]

VM state:not at safepoint (normal execution)

VM Mutex/Monitor currently owned by a thread: None

Heap:
 PSYoungGen      total 28672K, used 491K [0x00000000e0000000, 0x00000000e2000000, 0x0000000100000000)
  eden space 24576K, 2% used [0x00000000e0000000,0x00000000e007ae20,0x00000000e1800000)
  from space 4096K, 0% used [0x00000000e1c00000,0x00000000e1c00000,0x00000000e2000000)
  to   space 4096K, 0% used [0x00000000e1800000,0x00000000e1800000,0x00000000e1c00000)
 ParOldGen       total 65536K, used 0K [0x00000000a0000000, 0x00000000a4000000, 0x00000000e0000000)
  object space 65536K, 0% used [0x00000000a0000000,0x00000000a0000000,0x00000000a4000000)
 Metaspace       used 769K, capacity 4480K, committed 4480K, reserved 1056768K
  class space    used 75K, capacity 384K, committed 384K, reserved 1048576K

Card table byte_map: [0x0000000011860000,0x0000000011b70000] byte_map_base: 0x0000000011360000

Marking Bits: (ParMarkBitMap*) 0x000000005683a6d0
 Begin Bits: [0x00000000121c0000, 0x00000000139c0000)
 End Bits:   [0x00000000139c0000, 0x00000000151c0000)

Polling page: 0x00000000002d0000

CodeCache: size=245760Kb used=328Kb max_used=328Kb free=245431Kb
 bounds [0x00000000024a0000, 0x0000000002710000, 0x00000000114a0000]
 total_blobs=58 nmethods=0 adapters=38
 compilation: enabled

Compilation events (0 events):
No events

GC Heap History (0 events):
No events

Deoptimization events (0 events):
No events

Internal exceptions (0 events):
No events

Events (10 events):
Event: 0.029 loading class java/lang/Short
Event: 0.029 loading class java/lang/Short done
Event: 0.029 loading class java/lang/Integer
Event: 0.029 loading class java/lang/Integer done
Event: 0.029 loading class java/lang/Long
Event: 0.029 loading class java/lang/Long done
Event: 0.030 loading class java/lang/NullPointerException
Event: 0.030 loading class java/lang/NullPointerException done
Event: 0.030 loading class java/lang/ArithmeticException
Event: 0.030 loading class java/lang/ArithmeticException done


Dynamic libraries:
0x000000013fc00000 - 0x000000013fc37000 	C:\Program Files\Java\jdk1.8.0_101\bin\javaw.exe
0x00000000772c0000 - 0x000000007746a000 	C:\windows\SYSTEM32\ntdll.dll
0x00000000771a0000 - 0x00000000772bf000 	C:\windows\system32\kernel32.dll
0x000007fefd120000 - 0x000007fefd18a000 	C:\windows\system32\KERNELBASE.dll
0x000007fefe1d0000 - 0x000007fefe2ab000 	C:\windows\system32\ADVAPI32.dll
0x000007fefda00000 - 0x000007fefda9f000 	C:\windows\system32\msvcrt.dll
0x000007fefd940000 - 0x000007fefd95f000 	C:\windows\SYSTEM32\sechost.dll
0x000007fefde60000 - 0x000007fefdf8d000 	C:\windows\system32\RPCRT4.dll
0x00000000770a0000 - 0x000000007719a000 	C:\windows\system32\USER32.dll
0x000007fefd370000 - 0x000007fefd3d7000 	C:\windows\system32\GDI32.dll
0x000007fefe1c0000 - 0x000007fefe1ce000 	C:\windows\system32\LPK.dll
0x000007fefdb80000 - 0x000007fefdc4a000 	C:\windows\system32\USP10.dll
0x000007fefb1c0000 - 0x000007fefb3b4000 	C:\windows\WinSxS\amd64_microsoft.windows.common-controls_6595b64144ccf1df_6.0.7601.18837_none_fa3b1e3d17594757\COMCTL32.dll
0x000007fefe7c0000 - 0x000007fefe831000 	C:\windows\system32\SHLWAPI.dll
0x000007fefd3e0000 - 0x000007fefd40e000 	C:\windows\system32\IMM32.DLL
0x000007fefe330000 - 0x000007fefe439000 	C:\windows\system32\MSCTF.dll
0x000007fefcec0000 - 0x000007fefcf1d000 	C:\PROGRA~1\Citrix\System32\MFAPHOOK64.DLL
0x000007fefcde0000 - 0x000007fefce12000 	C:\Program Files\Citrix\ICAService\picaFullScreenHookX64.dll
0x000007fefc6f0000 - 0x000007fefc726000 	C:\Program Files\Citrix\ICAService\ShellHook64.dll
0x000007fefd410000 - 0x000007fefd60c000 	C:\windows\system32\ole32.dll
0x000007fefe840000 - 0x000007feff5ca000 	C:\windows\system32\SHELL32.dll
0x000007fefcc60000 - 0x000007fefcdda000 	C:\Program Files\Citrix\ICAService\SCardHook64.dll
0x000007fefcc30000 - 0x000007fefcc5a000 	C:\Program Files\Citrix\ICAService\cxinjime64.dll
0x000007fefcbe0000 - 0x000007fefcc2c000 	C:\Program Files\Citrix\ICAService\PicaWtsHook64.dll
0x0000000050ae0000 - 0x0000000050bb2000 	C:\Program Files\Java\jdk1.8.0_101\jre\bin\msvcr100.dll
0x0000000056020000 - 0x00000000568ba000 	C:\Program Files\Java\jdk1.8.0_101\jre\bin\server\jvm.dll
0x000007feea850000 - 0x000007feea859000 	C:\windows\system32\WSOCK32.dll
0x000007fefdf90000 - 0x000007fefdfdd000 	C:\windows\system32\WS2_32.dll
0x000007fefe7b0000 - 0x000007fefe7b8000 	C:\windows\system32\NSI.dll
0x000007feeffe0000 - 0x000007fef001b000 	C:\windows\system32\WINMM.dll
0x000007fefca70000 - 0x000007fefca7c000 	C:\windows\system32\VERSION.dll
0x0000000077480000 - 0x0000000077487000 	C:\windows\system32\PSAPI.DLL
0x0000000072950000 - 0x000000007295f000 	C:\Program Files\Java\jdk1.8.0_101\jre\bin\verify.dll
0x000000006ced0000 - 0x000000006cef9000 	C:\Program Files\Java\jdk1.8.0_101\jre\bin\java.dll
0x0000000056d00000 - 0x0000000056d16000 	C:\Program Files\Java\jdk1.8.0_101\jre\bin\zip.dll

VM Arguments:
jvm_args: -ea -Dfile.encoding=Cp1252 
java_command: org.testng.remote.RemoteTestNG -serport 50294 -protocol json -d C:\Users\SC049886\FrameWork\automation\test-output C:\Users\SC049886\AppData\Local\Temp\testng-eclipse--576275337\testng-customsuite.xml
java_class_path (initial): C:\Users\SC049886\.p2\pool\plugins\org.testng.eclipse_6.11.0.201703011520\lib\testng-remote.jar;C:\Users\SC049886\FrameWork\automation\bin;C:\Users\SC049886\.p2\pool\plugins\org.testng.eclipse_6.11.0.201703011520\lib\testng.jar;C:\Users\SC049886\.p2\pool\plugins\org.testng.eclipse_6.11.0.201703011520\lib\jcommander.jar;C:\Users\SC049886\.p2\pool\plugins\org.testng.eclipse_6.11.0.201703011520\lib\bsh-2.0b4.jar;C:\Users\SC049886\.p2\pool\plugins\org.testng.eclipse_6.11.0.201703011520\lib\snakeyaml.jar;C:\BridgeMedical\Jars\ant-1.7.0.jar;C:\BridgeMedical\Jars\ant-launcher-1.7.0.jar;C:\BridgeMedical\Jars\bsh-2.0b4.jar;C:\BridgeMedical\Jars\bson-3.0.4.jar;C:\BridgeMedical\Jars\commons-codec-1.10.jar;C:\BridgeMedical\Jars\commons-logging-1.2.jar;C:\BridgeMedical\Jars\curvesapi-1.03.jar;C:\BridgeMedical\Jars\extentreports-java-2.41.1.jar;C:\BridgeMedical\Jars\fontbox-2.0.3.jar;C:\BridgeMedical\Jars\freemarker-2.3.23.jar;C:\BridgeMedical\Jars\hamcrest-core-1.1.jar;C:\BridgeMedical\Jars\jcommander-1.48.jar;C:\BridgeMedical\Jars\jsoup-1.8.3.jar;C:\BridgeMedical\Jars\junit-4.10.jar;C:\BridgeMedical\Jars\junit-4.12.jar;C:\BridgeMedical\Jars\mongodb-driver-3.0.4.jar;C:\BridgeMedical\Jars\mongodb-driver-core-3.0.4.jar;C:\BridgeMedical\Jars\MonteScreenRecorder (1).jar;C:\BridgeMedical\Jars\MultiScreenShot.jar;C:\BridgeMedical\Jars\poi-3.15-beta1.jar;C:\BridgeMedical\Jars\poi-examples-3.15-beta1.jar;C:\BridgeMedical\Jars\poi-excelant-3.15-beta1.jar;C:\BridgeMedical\Jars\poi-ooxml-3.15-beta1.jar;C:\BridgeMedical\Jars\poi-ooxml-schemas-3.15-beta1.jar;C:\BridgeMedical\Jars\poi-scratchpad-3.15-beta1.jar;C:\BridgeMedical\Jars\selenium-server-standalone-2.53.0.jar;C:\BridgeMedical\Jars\snakeyaml-1.15.jar;C:\BridgeMedical\Jars\sqlite-jdbc-3.8.11.1.jar;C:\BridgeMedical\Jars\testng-6.9.9.jar;C:\BridgeMedical\Jars\xmlbeans-2.6.0.jar
Launcher Type: SUN_STANDARD

Environment Variables:
PATH=C:/Program Files/Java/jdk1.8.0_101/bin/../jre/bin/server;C:/Program Files/Java/jdk1.8.0_101/bin/../jre/bin;C:/Program Files/Java/jdk1.8.0_101/bin/../jre/lib/amd64;C:\ProgramData\Oracle\Java\javapath;C:\windows\system32;C:\windows;C:\windows\System32\Wbem;C:\windows\System32\WindowsPowerShell\v1.0\;C:\windows\System32\WindowsPowerShell\v1.0\;C:\Program Files\Citrix\ICAService\;C:\Program Files\Citrix\System32\;C:\Program Files (x86)\Common Files\Citrix\System32;C:\Program Files (x86)\Skype\Phone\;C:\Program Files\Java\jdk1.8.0_101\bin;C:\Program Files\Citrix\Virtual Desktop Agent\;C:\Program Files\Perforce;C:\windows\System32\WindowsPowerShell\v1.0\;\\userprofiles01\XDdata10\SC049886\Downloads;
USERNAME=sc049886
OS=Windows_NT
PROCESSOR_IDENTIFIER=Intel64 Family 6 Model 45 Stepping 2, GenuineIntel



---------------  S Y S T E M  ---------------

OS: Windows 7 , 64 bit Build 7601 (6.1.7601.23796)

CPU:total 2 (2 cores per cpu, 1 threads per core) family 6 model 45 stepping 2, cmov, cx8, fxsr, mmx, sse, sse2, sse3, ssse3, sse4.1, sse4.2, popcnt, avx, aes, clmul, tsc, tscinvbit, tscinv

Memory: 4k page, physical 6290932k(553460k free), swap 8386224k(5260k free)

vm_info: Java HotSpot(TM) 64-Bit Server VM (25.101-b13) for windows-amd64 JRE (1.8.0_101-b13), built on Jun 22 2016 01:21:29 by "java_re" with MS VC++ 10.0 (VS2010)

time: Sun May 28 13:02:46 2017
elapsed time: 0 seconds (0d 0h 0m 0s)

