#
# There is insufficient memory for the Java Runtime Environment to continue.
# Native memory allocation (malloc) failed to allocate 77936 bytes for Chunk::new
# Possible reasons:
#   The system is out of physical RAM or swap space
#   In 32 bit mode, the process size limit was hit
# Possible solutions:
#   Reduce memory load on the system
#   Increase physical memory or swap space
#   Check if swap backing store is full
#   Use 64 bit Java on a 64 bit OS
#   Decrease Java heap size (-Xmx/-Xms)
#   Decrease number of Java threads
#   Decrease Java thread stack sizes (-Xss)
#   Set larger code cache with -XX:ReservedCodeCacheSize=
# This output file may be truncated or incomplete.
#
#  Out of Memory Error (allocation.cpp:390), pid=24408, tid=0x00000000000084f4
#
# JRE version: Java(TM) SE Runtime Environment (8.0_101-b13) (build 1.8.0_101-b13)
# Java VM: Java HotSpot(TM) 64-Bit Server VM (25.101-b13 mixed mode windows-amd64 compressed oops)
# Failed to write core dump. Minidumps are not enabled by default on client versions of Windows
#

---------------  T H R E A D  ---------------

Current thread (0x0000000017233000):  JavaThread "C2 CompilerThread0" daemon [_thread_in_native, id=34036, stack(0x00000000179b0000,0x0000000017ab0000)]

Stack: [0x00000000179b0000,0x0000000017ab0000]
[error occurred during error reporting (printing stack bounds), id 0xc0000005]

Native frames: (J=compiled Java code, j=interpreted, Vv=VM code, C=native code)


Current CompileTask:
C2:   2381 1032       4       java.util.jar.JarFile::getEntry (22 bytes)


---------------  P R O C E S S  ---------------

Java Threads: ( => current thread )
  0x0000000018040800 JavaThread "ReaderThread" [_thread_in_native, id=37508, stack(0x0000000018890000,0x0000000018990000)]
  0x000000001729b800 JavaThread "Service Thread" daemon [_thread_blocked, id=36016, stack(0x0000000017b20000,0x0000000017c20000)]
  0x000000001723d800 JavaThread "C1 CompilerThread1" daemon [_thread_blocked, id=38748, stack(0x0000000016fe0000,0x00000000170e0000)]
=>0x0000000017233000 JavaThread "C2 CompilerThread0" daemon [_thread_in_native, id=34036, stack(0x00000000179b0000,0x0000000017ab0000)]
  0x000000001722f800 JavaThread "Attach Listener" daemon [_thread_blocked, id=21040, stack(0x00000000177c0000,0x00000000178c0000)]
  0x000000001632f800 JavaThread "Signal Dispatcher" daemon [_thread_blocked, id=23428, stack(0x0000000017650000,0x0000000017750000)]
  0x00000000162ed000 JavaThread "Finalizer" daemon [_thread_blocked, id=6132, stack(0x0000000017120000,0x0000000017220000)]
  0x00000000162a1800 JavaThread "Reference Handler" daemon [_thread_blocked, id=38824, stack(0x0000000016d30000,0x0000000016e30000)]
  0x00000000027b7000 JavaThread "main" [_thread_in_vm, id=37804, stack(0x0000000002960000,0x0000000002a60000)]

Other Threads:
  0x000000001628f000 VMThread [stack: 0x0000000016e70000,0x0000000016f70000] [id=29632]
  0x00000000172be000 WatcherThread [stack: 0x0000000017c90000,0x0000000017d90000] [id=35420]

VM state:not at safepoint (normal execution)

VM Mutex/Monitor currently owned by a thread: None

Heap:
 PSYoungGen      total 28672K, used 11632K [0x00000000e0000000, 0x00000000e2000000, 0x0000000100000000)
  eden space 24576K, 30% used [0x00000000e0000000,0x00000000e0760ce8,0x00000000e1800000)
  from space 4096K, 99% used [0x00000000e1800000,0x00000000e1bfb558,0x00000000e1c00000)
  to   space 4096K, 0% used [0x00000000e1c00000,0x00000000e1c00000,0x00000000e2000000)
 ParOldGen       total 65536K, used 1055K [0x00000000a0000000, 0x00000000a4000000, 0x00000000e0000000)
  object space 65536K, 1% used [0x00000000a0000000,0x00000000a0107d18,0x00000000a4000000)
 Metaspace       used 12076K, capacity 12354K, committed 12544K, reserved 1060864K
  class space    used 1428K, capacity 1508K, committed 1536K, reserved 1048576K

Card table byte_map: [0x0000000011eb0000,0x00000000121c0000] byte_map_base: 0x00000000119b0000

Marking Bits: (ParMarkBitMap*) 0x000000005ebaa6d0
 Begin Bits: [0x0000000012630000, 0x0000000013e30000)
 End Bits:   [0x0000000013e30000, 0x0000000015630000)

Polling page: 0x00000000002d0000

CodeCache: size=245760Kb used=3679Kb max_used=3687Kb free=242080Kb
 bounds [0x0000000002af0000, 0x0000000002e90000, 0x0000000011af0000]
 total_blobs=1382 nmethods=1031 adapters=264
 compilation: enabled

Compilation events (10 events):
Event: 2.331 Thread 0x000000001723d800 nmethod 1027 0x0000000002e833d0 code [0x0000000002e83560, 0x0000000002e83988]
Event: 2.335 Thread 0x000000001723d800 1028       1       java.util.logging.Logger::getName (5 bytes)
Event: 2.335 Thread 0x000000001723d800 nmethod 1028 0x0000000002e83110 code [0x0000000002e83260, 0x0000000002e83370]
Event: 2.341 Thread 0x0000000017233000 1029       4       java.util.zip.ZipFile::ensureOpen (37 bytes)
Event: 2.341 Thread 0x0000000017233000 nmethod 1029 0x0000000002e66910 code [0x0000000002e66a40, 0x0000000002e66ad8]
Event: 2.341 Thread 0x0000000017233000 1030       4       java.util.zip.ZipCoder::getBytes (192 bytes)
Event: 2.357 Thread 0x0000000017233000 nmethod 1030 0x0000000002e67610 code [0x0000000002e677c0, 0x0000000002e67d70]
Event: 2.361 Thread 0x000000001723d800 1031       3       java.lang.ClassLoader::compareCerts (149 bytes)
Event: 2.361 Thread 0x000000001723d800 nmethod 1031 0x0000000002e88490 code [0x0000000002e88660, 0x0000000002e88ef8]
Event: 2.371 Thread 0x0000000017233000 1032       4       java.util.jar.JarFile::getEntry (22 bytes)

GC Heap History (2 events):
Event: 2.080 GC heap before
{Heap before GC invocations=1 (full 0):
 PSYoungGen      total 28672K, used 24576K [0x00000000e0000000, 0x00000000e2000000, 0x0000000100000000)
  eden space 24576K, 100% used [0x00000000e0000000,0x00000000e1800000,0x00000000e1800000)
  from space 4096K, 0% used [0x00000000e1c00000,0x00000000e1c00000,0x00000000e2000000)
  to   space 4096K, 0% used [0x00000000e1800000,0x00000000e1800000,0x00000000e1c00000)
 ParOldGen       total 65536K, used 0K [0x00000000a0000000, 0x00000000a4000000, 0x00000000e0000000)
  object space 65536K, 0% used [0x00000000a0000000,0x00000000a0000000,0x00000000a4000000)
 Metaspace       used 11598K, capacity 11830K, committed 12032K, reserved 1060864K
  class space    used 1368K, capacity 1442K, committed 1536K, reserved 1048576K
Event: 2.089 GC heap after
Heap after GC invocations=1 (full 0):
 PSYoungGen      total 28672K, used 4077K [0x00000000e0000000, 0x00000000e2000000, 0x0000000100000000)
  eden space 24576K, 0% used [0x00000000e0000000,0x00000000e0000000,0x00000000e1800000)
  from space 4096K, 99% used [0x00000000e1800000,0x00000000e1bfb558,0x00000000e1c00000)
  to   space 4096K, 0% used [0x00000000e1c00000,0x00000000e1c00000,0x00000000e2000000)
 ParOldGen       total 65536K, used 1055K [0x00000000a0000000, 0x00000000a4000000, 0x00000000e0000000)
  object space 65536K, 1% used [0x00000000a0000000,0x00000000a0107d18,0x00000000a4000000)
 Metaspace       used 11598K, capacity 11830K, committed 12032K, reserved 1060864K
  class space    used 1368K, capacity 1442K, committed 1536K, reserved 1048576K
}

Deoptimization events (4 events):
Event: 0.773 Thread 0x00000000027b7000 Uncommon trap: reason=unstable_if action=reinterpret pc=0x0000000002c854a4 method=java.lang.String.indexOf([CII[CIII)I @ 3
Event: 1.308 Thread 0x00000000027b7000 Uncommon trap: reason=range_check action=make_not_entrant pc=0x0000000002d34a60 method=sun.reflect.generics.parser.SignatureParser.current()C @ 34
Event: 1.833 Thread 0x00000000027b7000 Uncommon trap: reason=unstable_if action=reinterpret pc=0x0000000002ceb01c method=sun.misc.MetaIndex.mayContain(Ljava/lang/String;)Z @ 38
Event: 2.047 Thread 0x00000000027b7000 Uncommon trap: reason=unstable_if action=reinterpret pc=0x0000000002d9181c method=java.lang.CharacterDataLatin1.digit(II)I @ 82

Internal exceptions (10 events):
Event: 0.459 Thread 0x00000000027b7000 Exception <a 'java/security/PrivilegedActionException'> (0x00000000e02f5510) thrown at [C:\re\workspace\8-2-build-windows-amd64-cygwin\jdk8u101\7261\hotspot\src\share\vm\prims\jvm.cpp, line 1386]
Event: 0.459 Thread 0x00000000027b7000 Exception <a 'java/security/PrivilegedActionException'> (0x00000000e02f5720) thrown at [C:\re\workspace\8-2-build-windows-amd64-cygwin\jdk8u101\7261\hotspot\src\share\vm\prims\jvm.cpp, line 1386]
Event: 0.460 Thread 0x00000000027b7000 Exception <a 'java/security/PrivilegedActionException'> (0x00000000e02f9608) thrown at [C:\re\workspace\8-2-build-windows-amd64-cygwin\jdk8u101\7261\hotspot\src\share\vm\prims\jvm.cpp, line 1386]
Event: 0.460 Thread 0x00000000027b7000 Exception <a 'java/security/PrivilegedActionException'> (0x00000000e02f9818) thrown at [C:\re\workspace\8-2-build-windows-amd64-cygwin\jdk8u101\7261\hotspot\src\share\vm\prims\jvm.cpp, line 1386]
Event: 1.034 Thread 0x00000000027b7000 Exception <a 'java/lang/ArrayIndexOutOfBoundsException'> (0x00000000e086fd78) thrown at [C:\re\workspace\8-2-build-windows-amd64-cygwin\jdk8u101\7261\hotspot\src\share\vm\runtime\sharedRuntime.cpp, line 605]
Event: 1.034 Thread 0x00000000027b7000 Exception <a 'java/lang/ArrayIndexOutOfBoundsException'> (0x00000000e0870a00) thrown at [C:\re\workspace\8-2-build-windows-amd64-cygwin\jdk8u101\7261\hotspot\src\share\vm\runtime\sharedRuntime.cpp, line 605]
Event: 1.308 Thread 0x00000000027b7000 Exception <a 'java/lang/ArrayIndexOutOfBoundsException': 65> (0x00000000e0d8c4e8) thrown at [C:\re\workspace\8-2-build-windows-amd64-cygwin\jdk8u101\7261\hotspot\src\share\vm\interpreter\interpreterRuntime.cpp, line 366]
Event: 1.824 Thread 0x00000000027b7000 Exception <a 'java/lang/NoClassDefFoundError': org/apache/log4j/Priority> (0x00000000e14bfe60) thrown at [C:\re\workspace\8-2-build-windows-amd64-cygwin\jdk8u101\7261\hotspot\src\share\vm\classfile\systemDictionary.cpp, line 199]
Event: 2.020 Thread 0x00000000027b7000 Exception <a 'java/lang/NoSuchFieldError': method resolution failed> (0x00000000e16acb98) thrown at [C:\re\workspace\8-2-build-windows-amd64-cygwin\jdk8u101\7261\hotspot\src\share\vm\prims\methodHandles.cpp, line 1146]
Event: 2.029 Thread 0x00000000027b7000 Exception <a 'java/lang/NoSuchFieldError': method resolution failed> (0x00000000e16ba628) thrown at [C:\re\workspace\8-2-build-windows-amd64-cygwin\jdk8u101\7261\hotspot\src\share\vm\prims\methodHandles.cpp, line 1146]

Events (10 events):
Event: 2.369 loading class org/apache/http/ConnectionReuseStrategy
Event: 2.369 loading class org/apache/http/ConnectionReuseStrategy done
Event: 2.370 loading class org/apache/http/conn/ConnectionKeepAliveStrategy
Event: 2.370 loading class org/apache/http/conn/ConnectionKeepAliveStrategy done
Event: 2.370 loading class org/apache/http/client/AuthenticationStrategy
Event: 2.370 loading class org/apache/http/client/AuthenticationStrategy done
Event: 2.370 loading class org/apache/http/client/UserTokenHandler
Event: 2.370 loading class org/apache/http/client/UserTokenHandler done
Event: 2.370 loading class org/apache/http/protocol/HttpProcessor
Event: 2.370 loading class org/apache/http/protocol/HttpProcessor done


Dynamic libraries:
0x000000013f830000 - 0x000000013f867000 	C:\Program Files\Java\jdk1.8.0_101\bin\javaw.exe
0x0000000077210000 - 0x00000000773ba000 	C:\windows\SYSTEM32\ntdll.dll
0x0000000076ff0000 - 0x000000007710f000 	C:\windows\system32\kernel32.dll
0x000007fefd080000 - 0x000007fefd0ea000 	C:\windows\system32\KERNELBASE.dll
0x000007fefd4d0000 - 0x000007fefd5ab000 	C:\windows\system32\ADVAPI32.dll
0x000007fefd2f0000 - 0x000007fefd38f000 	C:\windows\system32\msvcrt.dll
0x000007fefd7b0000 - 0x000007fefd7cf000 	C:\windows\SYSTEM32\sechost.dll
0x000007fefd3a0000 - 0x000007fefd4cd000 	C:\windows\system32\RPCRT4.dll
0x0000000077110000 - 0x000000007720a000 	C:\windows\system32\USER32.dll
0x000007feff4b0000 - 0x000007feff517000 	C:\windows\system32\GDI32.dll
0x000007fefd390000 - 0x000007fefd39e000 	C:\windows\system32\LPK.dll
0x000007feff110000 - 0x000007feff1da000 	C:\windows\system32\USP10.dll
0x000007fefb110000 - 0x000007fefb304000 	C:\windows\WinSxS\amd64_microsoft.windows.common-controls_6595b64144ccf1df_6.0.7601.18837_none_fa3b1e3d17594757\COMCTL32.dll
0x000007fefd610000 - 0x000007fefd681000 	C:\windows\system32\SHLWAPI.dll
0x000007fefc300000 - 0x000007fefc357000 	C:\windows\system32\apphelp.dll
0x000007fedba90000 - 0x000007fedbaea000 	C:\windows\AppPatch\AppPatch64\AcLayers.DLL
0x000007fefac00000 - 0x000007fefac71000 	C:\windows\system32\WINSPOOL.DRV
0x000007fef8b40000 - 0x000007fef8b58000 	C:\windows\system32\MPR.dll
0x000007fedb620000 - 0x000007fedba87000 	C:\windows\AppPatch\AppPatch64\AcXtrnal.DLL
0x000007fedb5c0000 - 0x000007fedb611000 	C:\windows\AppPatch\AppPatch64\AcGenral.DLL
0x000007fefc2d0000 - 0x000007fefc2f5000 	C:\windows\system32\SspiCli.dll
0x000007fefed30000 - 0x000007fefef2c000 	C:\windows\system32\ole32.dll
0x000007fefdf00000 - 0x000007fefec8a000 	C:\windows\system32\SHELL32.dll
0x00000000732a0000 - 0x00000000732a3000 	C:\windows\system32\sfc.dll
0x000007feee0c0000 - 0x000007feee0d0000 	C:\windows\system32\sfc_os.DLL
0x000007fefd0f0000 - 0x000007fefd10e000 	C:\windows\system32\USERENV.dll
0x000007fefcf00000 - 0x000007fefcf0f000 	C:\windows\system32\profapi.dll
0x000007fefa480000 - 0x000007fefa498000 	C:\windows\system32\dwmapi.dll
0x000007fefd2c0000 - 0x000007fefd2ee000 	C:\windows\system32\IMM32.DLL
0x000007fefd7d0000 - 0x000007fefd8d9000 	C:\windows\system32\MSCTF.dll
0x000007fefce10000 - 0x000007fefce6d000 	C:\PROGRA~1\Citrix\System32\MFAPHOOK64.DLL
0x000007fefcd30000 - 0x000007fefcd62000 	C:\Program Files\Citrix\ICAService\picaFullScreenHookX64.dll
0x000007fefc660000 - 0x000007fefc696000 	C:\Program Files\Citrix\ICAService\ShellHook64.dll
0x000007fefcb70000 - 0x000007fefccea000 	C:\Program Files\Citrix\ICAService\SCardHook64.dll
0x000007fefca30000 - 0x000007fefca5a000 	C:\Program Files\Citrix\ICAService\cxinjime64.dll
0x000007fefc6a0000 - 0x000007fefc6ec000 	C:\Program Files\Citrix\ICAService\PicaWtsHook64.dll
0x000000006e5b0000 - 0x000000006e682000 	C:\Program Files\Java\jdk1.8.0_101\jre\bin\msvcr100.dll
0x000000005e390000 - 0x000000005ec2a000 	C:\Program Files\Java\jdk1.8.0_101\jre\bin\server\jvm.dll
0x000007fee9a30000 - 0x000007fee9a39000 	C:\windows\system32\WSOCK32.dll
0x000007fefdc40000 - 0x000007fefdc8d000 	C:\windows\system32\WS2_32.dll
0x000007fefdc30000 - 0x000007fefdc38000 	C:\windows\system32\NSI.dll
0x000007feeff80000 - 0x000007feeffbb000 	C:\windows\system32\WINMM.dll
0x000007fefca60000 - 0x000007fefca6c000 	C:\windows\system32\VERSION.dll
0x00000000773e0000 - 0x00000000773e7000 	C:\windows\system32\PSAPI.DLL
0x000000006e8d0000 - 0x000000006e8df000 	C:\Program Files\Java\jdk1.8.0_101\jre\bin\verify.dll
0x000000005e360000 - 0x000000005e389000 	C:\Program Files\Java\jdk1.8.0_101\jre\bin\java.dll
0x000000006e8b0000 - 0x000000006e8c6000 	C:\Program Files\Java\jdk1.8.0_101\jre\bin\zip.dll
0x00000000633c0000 - 0x00000000633da000 	C:\Program Files\Java\jdk1.8.0_101\jre\bin\net.dll
0x000007fefbc90000 - 0x000007fefbce5000 	C:\windows\system32\mswsock.dll
0x000007fefbc80000 - 0x000007fefbc87000 	C:\windows\System32\wship6.dll
0x000007fefb6a0000 - 0x000007fefb6a7000 	C:\windows\System32\wshtcpip.dll
0x000007fefbb10000 - 0x000007fefbb6b000 	C:\windows\system32\DNSAPI.dll
0x000007fefa630000 - 0x000007fefa657000 	C:\windows\system32\IPHLPAPI.DLL
0x000007fefa590000 - 0x000007fefa59b000 	C:\windows\system32\WINNSI.DLL
0x000007fef8290000 - 0x000007fef8298000 	C:\windows\system32\rasadhlp.dll
0x000007fef86c0000 - 0x000007fef8713000 	C:\windows\System32\fwpuclnt.dll
0x000007fefbcf0000 - 0x000007fefbd08000 	C:\windows\system32\CRYPTSP.dll
0x000007fefb9f0000 - 0x000007fefba37000 	C:\windows\system32\rsaenh.dll
0x000007fefc360000 - 0x000007fefc36f000 	C:\windows\system32\CRYPTBASE.dll
0x000007fef87a0000 - 0x000007fef87b1000 	C:\windows\system32\dhcpcsvc6.DLL
0x000007fef8720000 - 0x000007fef8738000 	C:\windows\system32\dhcpcsvc.DLL
0x000000006e050000 - 0x000000006e061000 	C:\Program Files\Java\jdk1.8.0_101\jre\bin\nio.dll
0x000000005d9c0000 - 0x000000005d9e4000 	C:\Program Files\Java\jdk1.8.0_101\jre\bin\sunec.dll

VM Arguments:
jvm_args: -ea -Dfile.encoding=Cp1252 
java_command: org.testng.remote.RemoteTestNG -serport 64653 -protocol json -d C:\Users\SC049886\FrameWork\automation\test-output C:\Users\SC049886\AppData\Local\Temp\testng-eclipse-126725570\testng-customsuite.xml
java_class_path (initial): C:\Users\SC049886\.p2\pool\plugins\org.testng.eclipse_6.11.0.201703011520\lib\testng-remote.jar;C:\Users\SC049886\FrameWork\automation\bin;C:\BridgeMedical\Jars\ant-1.7.0.jar;C:\BridgeMedical\Jars\ant-launcher-1.7.0.jar;C:\BridgeMedical\Jars\bsh-2.0b4.jar;C:\BridgeMedical\Jars\bson-3.0.4.jar;C:\BridgeMedical\Jars\commons-codec-1.10.jar;C:\BridgeMedical\Jars\commons-logging-1.2.jar;C:\BridgeMedical\Jars\curvesapi-1.03.jar;C:\BridgeMedical\Jars\extentreports-java-2.41.1.jar;C:\BridgeMedical\Jars\fontbox-2.0.3.jar;C:\BridgeMedical\Jars\freemarker-2.3.23.jar;C:\BridgeMedical\Jars\hamcrest-core-1.1.jar;C:\BridgeMedical\Jars\jcommander-1.48.jar;C:\BridgeMedical\Jars\jsoup-1.8.3.jar;C:\BridgeMedical\Jars\junit-4.10.jar;C:\BridgeMedical\Jars\junit-4.12.jar;C:\BridgeMedical\Jars\mongodb-driver-3.0.4.jar;C:\BridgeMedical\Jars\mongodb-driver-core-3.0.4.jar;C:\BridgeMedical\Jars\MonteScreenRecorder (1).jar;C:\BridgeMedical\Jars\MultiScreenShot.jar;C:\BridgeMedical\Jars\poi-3.15-beta1.jar;C:\BridgeMedical\Jars\poi-examples-3.15-beta1.jar;C:\BridgeMedical\Jars\poi-excelant-3.15-beta1.jar;C:\BridgeMedical\Jars\poi-ooxml-3.15-beta1.jar;C:\BridgeMedical\Jars\poi-ooxml-schemas-3.15-beta1.jar;C:\BridgeMedical\Jars\poi-scratchpad-3.15-beta1.jar;C:\BridgeMedical\Jars\selenium-server-standalone-2.53.0.jar;C:\BridgeMedical\Jars\snakeyaml-1.15.jar;C:\BridgeMedical\Jars\sqlite-jdbc-3.8.11.1.jar;C:\BridgeMedical\Jars\testng-6.9.9.jar;C:\BridgeMedical\Jars\xmlbeans-2.6.0.jar
Launcher Type: SUN_STANDARD

Environment Variables:
PATH=C:/Program Files/Java/jdk1.8.0_101/bin/../jre/bin/server;C:/Program Files/Java/jdk1.8.0_101/bin/../jre/bin;C:/Program Files/Java/jdk1.8.0_101/bin/../jre/lib/amd64;C:\ProgramData\Oracle\Java\javapath;C:\windows\system32;C:\windows;C:\windows\System32\Wbem;C:\windows\System32\WindowsPowerShell\v1.0\;C:\windows\System32\WindowsPowerShell\v1.0\;C:\Program Files\Citrix\ICAService\;C:\Program Files\Citrix\System32\;C:\Program Files (x86)\Common Files\Citrix\System32;C:\Program Files (x86)\Skype\Phone\;C:\Program Files\Java\jdk1.8.0_101\bin;C:\Program Files\Citrix\Virtual Desktop Agent\;\\userprofiles01\XDdata10\SC049886\Downloads;
USERNAME=sc049886
OS=Windows_NT
PROCESSOR_IDENTIFIER=Intel64 Family 6 Model 45 Stepping 2, GenuineIntel



---------------  S Y S T E M  ---------------

OS: Windows 7 , 64 bit Build 7601 (6.1.7601.23714)

CPU:total 2 (2 cores per cpu, 1 threads per core) family 6 model 45 stepping 2, cmov, cx8, fxsr, mmx, sse, sse2, sse3, ssse3, sse4.1, sse4.2, popcnt, avx, aes, clmul, tsc, tscinvbit, tscinv

Memory: 4k page, physical 6290932k(707448k free), swap 8386224k(5168k free)

vm_info: Java HotSpot(TM) 64-Bit Server VM (25.101-b13) for windows-amd64 JRE (1.8.0_101-b13), built on Jun 22 2016 01:21:29 by "java_re" with MS VC++ 10.0 (VS2010)

time: Fri May 12 09:53:35 2017
elapsed time: 2 seconds (0d 0h 0m 2s)

